<?xml version="1.0" encoding="UTF-8"?>
<testng-results skipped="0" failed="0" total="1" passed="1">
  <reporter-output>
  </reporter-output>
  <suite name="Default suite" duration-ms="68" started-at="2015-06-29T15:02:10Z" finished-at="2015-06-29T15:02:10Z">
    <groups>
    </groups>
    <test name="Default test" duration-ms="68" started-at="2015-06-29T15:02:10Z" finished-at="2015-06-29T15:02:10Z">
      <class name="com.mlt.game.bowling.BowlingTest">
        <test-method status="PASS" signature="getWinner()[pri:0, instance:com.mlt.game.bowling.BowlingTest@43e65667]" name="getWinner" duration-ms="48" started-at="2015-06-29T20:32:10Z" finished-at="2015-06-29T20:32:10Z">
          <reporter-output>
          </reporter-output>
        </test-method> <!-- getWinner -->
      </class> <!-- com.mlt.game.bowling.BowlingTest -->
    </test> <!-- Default test -->
  </suite> <!-- Default suite -->
</testng-results>
